This file contains any messages produced by compilers while
running configure, to aid debugging if configure makes a mistake.

It was created by handibox configure 0.1, which was
generated by GNU Autoconf 2.68.  Invocation command line was

  $ ./configure 

## --------- ##
## Platform. ##
## --------- ##

hostname = mimi-note
uname -m = x86_64
uname -r = 3.8.0-34-generic
uname -s = Linux
uname -v = #49~precise1-Ubuntu SMP Wed Nov 13 18:05:00 UTC 2013

/usr/bin/uname -p = unknown
/bin/uname -X     = unknown

/bin/arch              = unknown
/usr/bin/arch -k       = unknown
/usr/convex/getsysinfo = unknown
/usr/bin/hostinfo      = unknown
/bin/machine           = unknown
/usr/bin/oslevel       = unknown
/bin/universe          = unknown

PATH: /usr/local/sbin
PATH: /usr/local/bin
PATH: /usr/sbin
PATH: /usr/bin
PATH: /sbin
PATH: /bin
PATH: /usr/games


## ----------- ##
## Core tests. ##
## ----------- ##

configure:1737: checking for a BSD-compatible install
configure:1805: result: /usr/bin/install -c
configure:1816: checking whether build environment is sane
configure:1866: result: yes
configure:2007: checking for a thread-safe mkdir -p
configure:2046: result: /bin/mkdir -p
configure:2059: checking for gawk
configure:2089: result: no
configure:2059: checking for mawk
configure:2075: found /usr/bin/mawk
configure:2086: result: mawk
configure:2097: checking whether make sets $(MAKE)
configure:2119: result: yes
configure:2232: checking for a Python interpreter with version >= 2.7
configure:2249: python -c import sys # split strings by '.' and convert to numeric. Append some zeros # because we need at least 4 digits for the hex conversion. # map returns an iterator in Python 3.0 and a list in 2.x minver = list(map(int, '2.7'.split('.'))) + [0, 0, 0] minverhex = 0 # xrange is not present in Python 3.0 and range returns an iterator for i in list(range(0, 4)): minverhex = (minverhex << 8) + minver[i] sys.exit(sys.hexversion < minverhex)
configure:2252: $? = 0
configure:2258: result: python
configure:2266: checking for python
configure:2284: found /usr/bin/python
configure:2296: result: /usr/bin/python
configure:2314: checking for python version
configure:2321: result: 2.7
configure:2333: checking for python platform
configure:2340: result: linux2
configure:2347: checking for python script directory
configure:2375: result: ${prefix}/lib/python2.7/dist-packages
configure:2384: checking for python extension module directory
configure:2412: result: ${exec_prefix}/lib/python2.7/dist-packages
configure:2432: checking for xdotool
configure:2448: found /usr/bin/xdotool
configure:2459: result: yes
configure:2477: result: checking for python module: cv2: found
configure:2489: result: checking for python module: cv: found
configure:2501: result: checking for python module: os: found
configure:2513: result: checking for python module: sys: found
configure:2525: result: checking for python module: gobject: found
configure:2537: result: checking for python module: gtk: found
configure:2549: result: checking for python module: gio: found
configure:2561: result: checking for python module: subprocess: found
configure:2573: result: checking for python module: threading: found
configure:2585: result: checking for python module: signal: found
configure:2749: creating ./config.status

## ---------------------- ##
## Running config.status. ##
## ---------------------- ##

This file was extended by handibox config.status 0.1, which was
generated by GNU Autoconf 2.68.  Invocation command line was

  CONFIG_FILES    = 
  CONFIG_HEADERS  = 
  CONFIG_LINKS    = 
  CONFIG_COMMANDS = 
  $ ./config.status 

on mimi-note

config.status:762: creating Makefile
config.status:762: creating src/Makefile
config.status:762: creating haarcascade/Makefile

## ---------------- ##
## Cache variables. ##
## ---------------- ##

ac_cv_env_PYTHON_set=
ac_cv_env_PYTHON_value=
ac_cv_env_build_alias_set=
ac_cv_env_build_alias_value=
ac_cv_env_host_alias_set=
ac_cv_env_host_alias_value=
ac_cv_env_target_alias_set=
ac_cv_env_target_alias_value=
ac_cv_path_PYTHON=/usr/bin/python
ac_cv_path_install='/usr/bin/install -c'
ac_cv_path_mkdir=/bin/mkdir
ac_cv_prog_AWK=mawk
ac_cv_prog_XDOTOOL_CHECK=yes
ac_cv_prog_make_make_set=yes
am_cv_pathless_PYTHON=python
am_cv_python_platform=linux2
am_cv_python_pyexecdir='${exec_prefix}/lib/python2.7/dist-packages'
am_cv_python_pythondir='${prefix}/lib/python2.7/dist-packages'
am_cv_python_version=2.7

## ----------------- ##
## Output variables. ##
## ----------------- ##

ACLOCAL='${SHELL} /home/mimi/Escritorio/make/Handibox/missing --run aclocal-1.11'
AMTAR='$${TAR-tar}'
AUTOCONF='${SHELL} /home/mimi/Escritorio/make/Handibox/missing --run autoconf'
AUTOHEADER='${SHELL} /home/mimi/Escritorio/make/Handibox/missing --run autoheader'
AUTOMAKE='${SHELL} /home/mimi/Escritorio/make/Handibox/missing --run automake-1.11'
AWK='mawk'
CYGPATH_W='echo'
DEFS='-DPACKAGE_NAME=\"handibox\" -DPACKAGE_TARNAME=\"handibox\" -DPACKAGE_VERSION=\"0.1\" -DPACKAGE_STRING=\"handibox\ 0.1\" -DPACKAGE_BUGREPORT=\"\" -DPACKAGE_URL=\"\" -DPACKAGE=\"handibox\" -DVERSION=\"0.1\"'
ECHO_C=''
ECHO_N='-n'
ECHO_T=''
INSTALL_DATA='${INSTALL} -m 644'
INSTALL_PROGRAM='${INSTALL}'
INSTALL_SCRIPT='${INSTALL}'
INSTALL_STRIP_PROGRAM='$(install_sh) -c -s'
LIBOBJS=''
LIBS=''
LTLIBOBJS=''
MAKEINFO='${SHELL} /home/mimi/Escritorio/make/Handibox/missing --run makeinfo'
MKDIR_P='/bin/mkdir -p'
PACKAGE='handibox'
PACKAGE_BUGREPORT=''
PACKAGE_NAME='handibox'
PACKAGE_STRING='handibox 0.1'
PACKAGE_TARNAME='handibox'
PACKAGE_URL=''
PACKAGE_VERSION='0.1'
PATH_SEPARATOR=':'
PYTHON='/usr/bin/python'
PYTHON_EXEC_PREFIX='${exec_prefix}'
PYTHON_PLATFORM='linux2'
PYTHON_PREFIX='${prefix}'
PYTHON_VERSION='2.7'
SET_MAKE=''
SHELL='/bin/bash'
STRIP=''
VERSION='0.1'
XDOTOOL_CHECK='yes'
am__isrc=''
am__leading_dot='.'
am__tar='$${TAR-tar} chof - "$$tardir"'
am__untar='$${TAR-tar} xf -'
bindir='${exec_prefix}/bin'
build_alias=''
datadir='${datarootdir}'
datarootdir='${prefix}/share'
docdir='${datarootdir}/doc/${PACKAGE_TARNAME}'
dvidir='${docdir}'
exec_prefix='${prefix}'
host_alias=''
htmldir='${docdir}'
includedir='${prefix}/include'
infodir='${datarootdir}/info'
install_sh='${SHELL} /home/mimi/Escritorio/make/Handibox/install-sh'
libdir='${exec_prefix}/lib'
libexecdir='${exec_prefix}/libexec'
localedir='${datarootdir}/locale'
localstatedir='${prefix}/var'
mandir='${datarootdir}/man'
mkdir_p='/bin/mkdir -p'
oldincludedir='/usr/include'
pdfdir='${docdir}'
pkgpyexecdir='${pyexecdir}/handibox'
pkgpythondir='${pythondir}/handibox'
prefix='/usr/local'
program_transform_name='s,x,x,'
psdir='${docdir}'
pyexecdir='${exec_prefix}/lib/python2.7/dist-packages'
pythondir='${prefix}/lib/python2.7/dist-packages'
sbindir='${exec_prefix}/sbin'
sharedstatedir='${prefix}/com'
sysconfdir='${prefix}/etc'
target_alias=''

## ----------- ##
## confdefs.h. ##
## ----------- ##

/* confdefs.h */
#define PACKAGE_NAME "handibox"
#define PACKAGE_TARNAME "handibox"
#define PACKAGE_VERSION "0.1"
#define PACKAGE_STRING "handibox 0.1"
#define PACKAGE_BUGREPORT ""
#define PACKAGE_URL ""
#define PACKAGE "handibox"
#define VERSION "0.1"

configure: exit 0
